#! /opt/local/bin/vvp
:ivl_version "0.9.3 " "(v0_9_3)";
:vpi_time_precision + 0;
:vpi_module "system";
:vpi_module "v2005_math";
:vpi_module "va_math";
S_0x1003022d0 .scope module, "grey_code_counter_TEST" "grey_code_counter_TEST" 2 1;
 .timescale 0 0;
v0x100315f60_0 .var "clk", 0 0;
v0x100315ff0_0 .net "count", 2 0, v0x100315ed0_0; 1 drivers
S_0x100300ec0 .scope module, "Counter" "grey_code_counter" 2 5, 2 21, S_0x1003022d0;
 .timescale 0 0;
v0x1003023b0_0 .net "clk", 0 0, v0x100315f60_0; 1 drivers
v0x100315ed0_0 .var "count", 2 0;
E_0x100301210 .event posedge, v0x1003023b0_0;
    .scope S_0x100300ec0;
T_0 ;
    %ix/load 0, 3, 0;
    %assign/v0 v0x100315ed0_0, 0, 0;
    %end;
    .thread T_0;
    .scope S_0x100300ec0;
T_1 ;
    %wait E_0x100301210;
    %load/v 8, v0x100315ed0_0, 3;
    %cmpi/u 8, 0, 3;
    %jmp/1 T_1.0, 6;
    %cmpi/u 8, 1, 3;
    %jmp/1 T_1.1, 6;
    %cmpi/u 8, 2, 3;
    %jmp/1 T_1.2, 6;
    %cmpi/u 8, 3, 3;
    %jmp/1 T_1.3, 6;
    %cmpi/u 8, 4, 3;
    %jmp/1 T_1.4, 6;
    %cmpi/u 8, 5, 3;
    %jmp/1 T_1.5, 6;
    %cmpi/u 8, 6, 3;
    %jmp/1 T_1.6, 6;
    %cmpi/u 8, 7, 3;
    %jmp/1 T_1.7, 6;
    %set/v v0x100315ed0_0, 2, 3;
    %jmp T_1.9;
T_1.0 ;
    %movi 8, 1, 3;
    %set/v v0x100315ed0_0, 8, 3;
    %jmp T_1.9;
T_1.1 ;
    %movi 8, 3, 3;
    %set/v v0x100315ed0_0, 8, 3;
    %jmp T_1.9;
T_1.2 ;
    %movi 8, 6, 3;
    %set/v v0x100315ed0_0, 8, 3;
    %jmp T_1.9;
T_1.3 ;
    %movi 8, 2, 3;
    %set/v v0x100315ed0_0, 8, 3;
    %jmp T_1.9;
T_1.4 ;
    %set/v v0x100315ed0_0, 0, 3;
    %jmp T_1.9;
T_1.5 ;
    %movi 8, 4, 3;
    %set/v v0x100315ed0_0, 8, 3;
    %jmp T_1.9;
T_1.6 ;
    %set/v v0x100315ed0_0, 1, 3;
    %jmp T_1.9;
T_1.7 ;
    %movi 8, 5, 3;
    %set/v v0x100315ed0_0, 8, 3;
    %jmp T_1.9;
T_1.9 ;
    %jmp T_1;
    .thread T_1;
    .scope S_0x1003022d0;
T_2 ;
    %vpi_call 2 8 "$dumpvars";
    %vpi_call 2 10 "$display", " clk | count ";
    %vpi_call 2 11 "$monitor", " %b | %b ", v0x100315f60_0, v0x100315ff0_0;
    %set/v v0x100315f60_0, 0, 1;
    %delay 100, 0;
    %movi 8, 20, 6;
T_2.0 %cmp/s 0, 8, 6;
    %jmp/0xz T_2.1, 5;
    %add 8, 1, 6;
    %delay 10, 0;
    %load/v 14, v0x100315f60_0, 1;
    %inv 14, 1;
    %ix/load 0, 1, 0;
    %assign/v0 v0x100315f60_0, 0, 14;
    %jmp T_2.0;
T_2.1 ;
    %end;
    .thread T_2;
# The file index is used to find the file name in the following table.
:file_names 3;
    "N/A";
    "<interactive>";
    "gray_code_counter.v";
